Watching for file changes with StatReloader
Performing system checks...

System check identified no issues (0 silenced).
November 27, 2021 - 04:51:09
Django version 3.2.9, using settings 'eng.settings'
Starting development server at http://0.0.0.0:8000/
Quit the server with CONTROL-C.
Invalid HTTP_HOST header: '20.212.32.4:8000'. You may need to add '20.212.32.4' to ALLOWED_HOSTS.
Bad Request: /
[27/Nov/2021 04:52:45] "GET / HTTP/1.1" 400 63360
Invalid HTTP_HOST header: '20.212.32.4:8000'. You may need to add '20.212.32.4' to ALLOWED_HOSTS.
Bad Request: /favicon.ico
[27/Nov/2021 04:52:45] "GET /favicon.ico HTTP/1.1" 400 63415
Watching for file changes with StatReloader
Performing system checks...

System check identified no issues (0 silenced).
November 27, 2021 - 04:54:02
Django version 3.2.9, using settings 'eng.settings'
Starting development server at http://0.0.0.0:8000/
Quit the server with CONTROL-C.
[27/Nov/2021 04:54:11] "GET / HTTP/1.1" 200 4724
[27/Nov/2021 04:54:11] "GET /static/css/owl.carousel.css HTTP/1.1" 200 4028
[27/Nov/2021 04:54:11] "GET /static/css/font-awesome.min.css HTTP/1.1" 200 31030
[27/Nov/2021 04:54:11] "GET /static/css/style.css HTTP/1.1" 200 27462
[27/Nov/2021 04:54:11] "GET /static/css/bootstrap.min.css HTTP/1.1" 200 140936
[27/Nov/2021 04:54:11] "GET /static/js/circle-progress.min.js HTTP/1.1" 200 4445
[27/Nov/2021 04:54:11] "GET /static/js/mixitup.min.js HTTP/1.1" 200 88718
[27/Nov/2021 04:54:11] "GET /static/js/bootstrap.min.js HTTP/1.1" 200 51039
[27/Nov/2021 04:54:11] "GET /static/js/jquery-3.2.1.min.js HTTP/1.1" 200 86659
[27/Nov/2021 04:54:11] "GET /static/js/owl.carousel.min.js HTTP/1.1" 200 42766
[27/Nov/2021 04:54:11] "GET /static/js/main2.js HTTP/1.1" 200 2363
[27/Nov/2021 04:54:11] "GET /static/img/2.png HTTP/1.1" 200 159105
[27/Nov/2021 04:54:12] "GET /static/img/1.png HTTP/1.1" 200 196585
[27/Nov/2021 04:54:12] "GET /static/img/bg.jpg HTTP/1.1" 200 285113
[27/Nov/2021 04:54:12] "GET /static/img/Welcome%20To%20ACHILLES.png HTTP/1.1" 200 648954
[27/Nov/2021 04:54:12] "GET /static/img/favicon.ico HTTP/1.1" 200 16958
[27/Nov/2021 04:55:12] "GET /login HTTP/1.1" 200 5004
[27/Nov/2021 04:55:12] "GET /static/fonts/font-awesome-4.7.0/css/font-awesome.min.css HTTP/1.1" 200 31000
[27/Nov/2021 04:55:12] "GET /static/vendor/css-hamburgers/hamburgers.min.css HTTP/1.1" 200 19680
[27/Nov/2021 04:55:12] "GET /static/vendor/animate/animate.css HTTP/1.1" 200 23848
[27/Nov/2021 04:55:12] "GET /static/vendor/bootstrap/css/bootstrap.min.css HTTP/1.1" 200 124962
[27/Nov/2021 04:55:12] "GET /static/css/util.css HTTP/1.1" 200 83821
[27/Nov/2021 04:55:12] "GET /static/css/main.css HTTP/1.1" 200 8606
[27/Nov/2021 04:55:13] "GET /static/vendor/jquery/jquery-3.2.1.min.js HTTP/1.1" 200 86659
[27/Nov/2021 04:55:13] "GET /static/vendor/bootstrap/js/popper.js HTTP/1.1" 200 81670
[27/Nov/2021 04:55:13] "GET /static/vendor/tilt/tilt.jquery.min.js HTTP/1.1" 200 5640
[27/Nov/2021 04:55:13] "GET /static/vendor/bootstrap/js/bootstrap.min.js HTTP/1.1" 200 51143
[27/Nov/2021 04:55:13] "GET /static/vendor/select2/select2.min.js HTTP/1.1" 200 66664
[27/Nov/2021 04:55:13] "GET /static/js/main.js HTTP/1.1" 200 2450
[27/Nov/2021 04:55:13] "GET /static/images/img-01.png HTTP/1.1" 200 8599
[27/Nov/2021 04:55:13] "GET /static/fonts/poppins/Poppins-Regular.ttf HTTP/1.1" 200 145312
[27/Nov/2021 04:55:13] "GET /static/fonts/poppins/Poppins-Medium.ttf HTTP/1.1" 200 143516
[27/Nov/2021 04:55:13] "GET /static/fonts/font-awesome-4.7.0/fonts/fontawesome-webfont.woff2?v=4.7.0 HTTP/1.1" 200 77160
[27/Nov/2021 04:55:13] "GET /static/fonts/montserrat/Montserrat-Bold.ttf HTTP/1.1" 200 261588
[27/Nov/2021 04:55:13] "GET /static/fonts/poppins/Poppins-Bold.ttf HTTP/1.1" 200 141260
[27/Nov/2021 04:55:14] "GET /static/images/icons/favicon.ico HTTP/1.1" 200 32038
[27/Nov/2021 04:55:30] "POST /login HTTP/1.1" 302 0
[27/Nov/2021 04:55:30] "GET /profile HTTP/1.1" 200 13555
[27/Nov/2021 04:55:30] "GET /static/css/prof.css HTTP/1.1" 200 5364
[27/Nov/2021 04:55:30] "GET /static/css/navbar.css HTTP/1.1" 200 2271
[27/Nov/2021 04:55:31] "GET /static/img/Achilles2_logo_1.png HTTP/1.1" 200 2326
[27/Nov/2021 04:55:35] "GET /logout HTTP/1.1" 302 0
[27/Nov/2021 04:55:36] "GET / HTTP/1.1" 200 5170
[27/Nov/2021 04:59:07] "GET / HTTP/1.1" 200 4724
[27/Nov/2021 04:59:08] "GET /static/css/font-awesome.min.css HTTP/1.1" 200 31030
[27/Nov/2021 04:59:08] "GET /static/css/bootstrap.min.css HTTP/1.1" 200 140936
[27/Nov/2021 04:59:08] "GET /static/css/owl.carousel.css HTTP/1.1" 200 4028
[27/Nov/2021 04:59:08] "GET /static/css/style.css HTTP/1.1" 200 27462
[27/Nov/2021 04:59:08] "GET /static/js/jquery-3.2.1.min.js HTTP/1.1" 200 86659
[27/Nov/2021 04:59:08] "GET /static/js/bootstrap.min.js HTTP/1.1" 200 51039
[27/Nov/2021 04:59:08] "GET /static/js/mixitup.min.js HTTP/1.1" 200 88718
[27/Nov/2021 04:59:08] "GET /static/js/circle-progress.min.js HTTP/1.1" 200 4445
[27/Nov/2021 04:59:08] "GET /static/js/owl.carousel.min.js HTTP/1.1" 200 42766
[27/Nov/2021 04:59:08] "GET /static/js/main2.js HTTP/1.1" 200 2363
[27/Nov/2021 04:59:09] "GET /static/img/2.png HTTP/1.1" 200 159105
[27/Nov/2021 04:59:09] "GET /static/img/1.png HTTP/1.1" 200 196585
[27/Nov/2021 04:59:10] "GET /static/img/bg.jpg HTTP/1.1" 200 285113
[27/Nov/2021 04:59:10] "GET /static/img/Welcome%20To%20ACHILLES.png HTTP/1.1" 200 648954
[27/Nov/2021 04:59:10] "GET /static/img/favicon.ico HTTP/1.1" 200 16958
[27/Nov/2021 04:59:12] "GET / HTTP/1.1" 200 4724
[27/Nov/2021 05:01:13] "GET / HTTP/1.1" 200 4724
[27/Nov/2021 05:01:13] "GET /static/css/font-awesome.min.css HTTP/1.1" 200 31030
[27/Nov/2021 05:01:13] "GET /static/css/bootstrap.min.css HTTP/1.1" 200 140936
[27/Nov/2021 05:01:13] "GET /static/css/owl.carousel.css HTTP/1.1" 200 4028
[27/Nov/2021 05:01:13] "GET /static/css/style.css HTTP/1.1" 200 27462
[27/Nov/2021 05:01:13] "GET /static/js/jquery-3.2.1.min.js HTTP/1.1" 200 86659
[27/Nov/2021 05:01:13] "GET /static/js/bootstrap.min.js HTTP/1.1" 200 51039
[27/Nov/2021 05:01:13] "GET /static/js/mixitup.min.js HTTP/1.1" 200 88718
[27/Nov/2021 05:01:13] "GET /static/js/circle-progress.min.js HTTP/1.1" 200 4445
[27/Nov/2021 05:01:13] "GET /static/js/owl.carousel.min.js HTTP/1.1" 200 42766
[27/Nov/2021 05:01:13] "GET /static/js/main2.js HTTP/1.1" 200 2363
[27/Nov/2021 05:01:14] "GET /static/img/2.png HTTP/1.1" 200 159105
[27/Nov/2021 05:01:14] "GET /static/img/1.png HTTP/1.1" 200 196585
[27/Nov/2021 05:01:14] "GET /static/img/bg.jpg HTTP/1.1" 200 285113
[27/Nov/2021 05:01:15] "GET /static/img/Welcome%20To%20ACHILLES.png HTTP/1.1" 200 648954
[27/Nov/2021 05:01:15] "GET /static/img/favicon.ico HTTP/1.1" 200 16958
